<?xml version="1.0" encoding="UTF-8"?>
<!-- Generated by org.testng.reporters.JUnitReportReporter -->
<testsuite hostname="LSTKMY232078" failures="0" tests="2" name="com.advantage.bsn.Selenium_CreateAccountDD" time="19.027" errors="0" timestamp="2023-02-22T22:52:42 CST" skipped="0">
  <testcase classname="com.advantage.bsn.Selenium_CreateAccountDD" name="testGotoUrl" time="10.821"/>
  <system-out/>
  <testcase classname="com.advantage.bsn.Selenium_CreateAccountDD" name="testCreateAccount" time="8.206"/>
  <system-out/>
</testsuite> <!-- com.advantage.bsn.Selenium_CreateAccountDD -->
