<?xml version="1.0" encoding="UTF-8"?>
<!-- Generated by org.testng.reporters.JUnitReportReporter -->
<testsuite hostname="LSTKMY232078" failures="0" tests="1" name="com.db.mysql.ConnectionManager_MySql" time="0.049" errors="0" timestamp="2023-05-17T17:36:27 CDT" skipped="0">
  <testcase classname="com.db.mysql.ConnectionManager_MySql" name="login" time="0.049"/>
  <system-out/>
</testsuite> <!-- com.db.mysql.ConnectionManager_MySql -->
