<?xml version="1.0" encoding="UTF-8"?>
<!-- Generated by org.testng.reporters.JUnitReportReporter -->
<testsuite hostname="LSTKMY232078" failures="0" tests="2" name="com.advantage.bsn.Selenium_ENH_CreateAccount" time="11.865" errors="0" timestamp="2023-02-22T22:28:41 CST" skipped="0">
  <testcase classname="com.advantage.bsn.Selenium_ENH_CreateAccount" name="testGotoUrl" time="4.909"/>
  <system-out/>
  <testcase classname="com.advantage.bsn.Selenium_ENH_CreateAccount" name="testCreateAccount" time="6.956"/>
  <system-out/>
</testsuite> <!-- com.advantage.bsn.Selenium_ENH_CreateAccount -->
