<?xml version="1.0" encoding="UTF-8"?>
<!-- Generated by org.testng.reporters.JUnitReportReporter -->
<testsuite hostname="LSTKMY232078" failures="0" tests="2" name="com.advantage.bsn.Selenium_CreateAccount" time="11.275" errors="0" timestamp="2023-04-27T00:40:10 CDT" skipped="0">
  <testcase classname="com.advantage.bsn.Selenium_CreateAccount" name="testGotoUrl" time="4.874"/>
  <system-out/>
  <testcase classname="com.advantage.bsn.Selenium_CreateAccount" name="testCreateAccount" time="6.401"/>
  <system-out/>
</testsuite> <!-- com.advantage.bsn.Selenium_CreateAccount -->
