<?xml version="1.0" encoding="UTF-8"?>
<!-- Generated by org.testng.reporters.JUnitReportReporter -->
<testsuite hostname="LSTKMY232078" failures="0" tests="1" name="com.advantage.bsn.Selenium_ContactUs" time="17.237" errors="0" timestamp="2024-02-21T23:59:07 CST" skipped="0">
  <testcase classname="com.advantage.bsn.Selenium_ContactUs" name="testContactUs" time="17.237"/>
  <system-out/>
</testsuite> <!-- com.advantage.bsn.Selenium_ContactUs -->
