<?xml version="1.0" encoding="UTF-8"?>
<!-- Generated by org.testng.reporters.JUnitReportReporter -->
<testsuite hostname="LSTKMY232078" failures="0" tests="2" name="com.advantage.bsn.Selenium_CreateAccount" time="14.329" errors="0" timestamp="2023-04-24T13:18:30 CDT" skipped="0">
  <testcase classname="com.advantage.bsn.Selenium_CreateAccount" name="testGotoUrl" time="5.080"/>
  <system-out/>
  <testcase classname="com.advantage.bsn.Selenium_CreateAccount" name="testCreateAccount" time="9.249"/>
  <system-out/>
</testsuite> <!-- com.advantage.bsn.Selenium_CreateAccount -->
