<?xml version="1.0" encoding="UTF-8"?>
<!-- Generated by org.testng.reporters.JUnitReportReporter -->
<testsuite hostname="LSTKMY232078" failures="0" tests="2" name="com.advantage.bsn.Selenium_CreateAccount" time="18.052" errors="0" timestamp="2024-02-21T23:59:07 CST" skipped="0">
  <testcase classname="com.advantage.bsn.Selenium_CreateAccount" name="testGotoUrl" time="10.370"/>
  <system-out/>
  <testcase classname="com.advantage.bsn.Selenium_CreateAccount" name="testCreateAccount" time="7.682"/>
  <system-out/>
</testsuite> <!-- com.advantage.bsn.Selenium_CreateAccount -->
