<?xml version="1.0" encoding="UTF-8"?>
<!-- Generated by org.testng.reporters.JUnitReportReporter -->
<testsuite hostname="LSTKMY232078" failures="0" tests="2" name="com.advantage.bsn.Selenium_CreateAccountDD" time="22.899" errors="0" timestamp="2024-02-21T23:53:38 CST" skipped="0">
  <testcase classname="com.advantage.bsn.Selenium_CreateAccountDD" name="testGotoUrl" time="11.322"/>
  <system-out/>
  <testcase classname="com.advantage.bsn.Selenium_CreateAccountDD" name="testCreateAccount" time="11.577"/>
  <system-out/>
</testsuite> <!-- com.advantage.bsn.Selenium_CreateAccountDD -->
