<?xml version="1.0" encoding="UTF-8"?>
<!-- Generated by org.testng.reporters.JUnitReportReporter -->
<testsuite hostname="LSTKMY232078" failures="0" tests="1" name="com.advantage.bsn.Selenium_ENH_ChatWithUs" time="7.762" errors="0" timestamp="2023-02-22T22:29:53 CST" skipped="0">
  <testcase classname="com.advantage.bsn.Selenium_ENH_ChatWithUs" name="chatWithUs" time="7.762"/>
  <system-out/>
</testsuite> <!-- com.advantage.bsn.Selenium_ENH_ChatWithUs -->
