<?xml version="1.0" encoding="UTF-8"?>
<!-- Generated by org.testng.reporters.JUnitReportReporter -->
<testsuite hostname="LSTKMY232078" failures="0" tests="1" name="com.advantage.bsn.Selenium_ChatWithUs" time="7.807" errors="0" timestamp="2023-04-27T00:37:35 CDT" skipped="0">
  <testcase classname="com.advantage.bsn.Selenium_ChatWithUs" name="chatWithUs" time="7.807"/>
  <system-out/>
</testsuite> <!-- com.advantage.bsn.Selenium_ChatWithUs -->
