<?xml version="1.0" encoding="UTF-8"?>
<!-- Generated by org.testng.reporters.JUnitReportReporter -->
<testsuite hostname="jagalvanr-selenium3xexa-ihe823ihuu9" failures="0" tests="2" name="com.advantage.bsn.Selenium_CreateAccount" time="11.070" errors="0" timestamp="24 Apr 2023 21:21:15 GMT" skipped="0">
  <testcase classname="com.advantage.bsn.Selenium_CreateAccount" name="testGotoUrl" time="4.658"/>
  <testcase classname="com.advantage.bsn.Selenium_CreateAccount" name="testCreateAccount" time="6.412"/>
</testsuite> <!-- com.advantage.bsn.Selenium_CreateAccount -->
