<?xml version="1.0" encoding="UTF-8"?>
<!-- Generated by org.testng.reporters.JUnitReportReporter -->
<testsuite hostname="LSTKMY232078" failures="0" tests="3" name="com.poc.selenium.DataProviderCSV_Example" time="0.016" errors="0" timestamp="2023-04-27T15:53:07 CDT" skipped="0">
  <testcase classname="com.poc.selenium.DataProviderCSV_Example" name="testLogin" time="0.002"/>
  <system-out/>
  <testcase classname="com.poc.selenium.DataProviderCSV_Example" name="testLogin" time="0.002"/>
  <system-out/>
  <testcase classname="com.poc.selenium.DataProviderCSV_Example" name="testLogin" time="0.012"/>
  <system-out/>
</testsuite> <!-- com.poc.selenium.DataProviderCSV_Example -->
