<?xml version="1.0" encoding="UTF-8"?>
<!-- Generated by org.testng.reporters.JUnitReportReporter -->
<testsuite skipped="0" hostname="6b35f581a5d7" name="com.advantage.bsn.Selenium_CreateAccount" tests="2" failures="0" timestamp="25 Apr 2023 01:44:15 GMT" time="11.902" errors="0">
  <testcase name="testGotoUrl" time="4.677" classname="com.advantage.bsn.Selenium_CreateAccount"/>
  <testcase name="testCreateAccount" time="7.225" classname="com.advantage.bsn.Selenium_CreateAccount"/>
</testsuite> <!-- com.advantage.bsn.Selenium_CreateAccount -->
