<?xml version="1.0" encoding="UTF-8"?>
<!-- Generated by org.testng.reporters.JUnitReportReporter -->
<testsuite skipped="0" hostname="9287eb3f1ae4" name="com.advantage.bsn.Selenium_ContactUs" tests="1" failures="0" timestamp="22 Feb 2024 06:22:37 GMT" time="16.237" errors="0">
  <testcase name="testContactUs" time="16.237" classname="com.advantage.bsn.Selenium_ContactUs"/>
</testsuite> <!-- com.advantage.bsn.Selenium_ContactUs -->
