<?xml version="1.0" encoding="UTF-8"?>
<!-- Generated by org.testng.reporters.JUnitReportReporter -->
<testsuite skipped="0" hostname="9287eb3f1ae4" name="com.advantage.bsn.Selenium_ChatWithUs" tests="1" failures="0" timestamp="22 Feb 2024 06:22:37 GMT" time="7.161" errors="0">
  <testcase name="chatWithUs" time="7.161" classname="com.advantage.bsn.Selenium_ChatWithUs"/>
</testsuite> <!-- com.advantage.bsn.Selenium_ChatWithUs -->
