<?xml version="1.0" encoding="UTF-8"?>
<!-- Generated by org.testng.reporters.JUnitReportReporter -->
<testsuite skipped="0" hostname="9287eb3f1ae4" name="com.advantage.bsn.Selenium_CreateAccount" tests="2" failures="0" timestamp="22 Feb 2024 06:22:37 GMT" time="15.263" errors="0">
  <testcase name="testGotoUrl" time="10.233" classname="com.advantage.bsn.Selenium_CreateAccount"/>
  <testcase name="testCreateAccount" time="5.030" classname="com.advantage.bsn.Selenium_CreateAccount"/>
</testsuite> <!-- com.advantage.bsn.Selenium_CreateAccount -->
